c:\users\alukashov\documents\visual studio 2013\projects\epcboot\result\epcboot.dir\release\platform-win32.obj
c:\users\alukashov\documents\visual studio 2013\projects\epcboot\result\epcboot.dir\release\handlers.obj
c:\users\alukashov\documents\visual studio 2013\projects\epcboot\result\epcboot.dir\release\algorithm.obj
c:\users\alukashov\documents\visual studio 2013\projects\epcboot\result\epcboot.dir\release\flowparser.obj
c:\users\alukashov\documents\visual studio 2013\projects\epcboot\result\epcboot.dir\release\iobuffer.obj
c:\users\alukashov\documents\visual studio 2013\projects\epcboot\result\epcboot.dir\release\commands.obj
c:\users\alukashov\documents\visual studio 2013\projects\epcboot\result\epcboot.dir\release\devvirt.obj
c:\users\alukashov\documents\visual studio 2013\projects\epcboot\result\epcboot.dir\release\bootloader.obj
c:\users\alukashov\documents\visual studio 2013\projects\epcboot\result\epcboot.dir\release\util.obj
c:\users\alukashov\documents\visual studio 2013\projects\epcboot\result\epcboot.dir\release\protosup.obj
c:\users\alukashov\documents\visual studio 2013\projects\epcboot\result\epcboot.dir\release\api.obj
c:\users\alukashov\documents\visual studio 2013\projects\epcboot\result\cmakefiles\generate.stamp
c:\users\alukashov\documents\visual studio 2013\projects\epcboot\result\release\epcboot.lib
c:\users\alukashov\documents\visual studio 2013\projects\epcboot\result\release\epcboot.exp
c:\users\alukashov\documents\visual studio 2013\projects\epcboot\result\release\epcboot.dll
c:\users\alukashov\documents\visual studio 2013\projects\epcboot\result\epcboot.dir\release\epcboot.tlog\cl.command.1.tlog
c:\users\alukashov\documents\visual studio 2013\projects\epcboot\result\epcboot.dir\release\epcboot.tlog\cl.read.1.tlog
c:\users\alukashov\documents\visual studio 2013\projects\epcboot\result\epcboot.dir\release\epcboot.tlog\cl.write.1.tlog
c:\users\alukashov\documents\visual studio 2013\projects\epcboot\result\epcboot.dir\release\epcboot.tlog\custombuild.command.1.tlog
c:\users\alukashov\documents\visual studio 2013\projects\epcboot\result\epcboot.dir\release\epcboot.tlog\custombuild.read.1.tlog
c:\users\alukashov\documents\visual studio 2013\projects\epcboot\result\epcboot.dir\release\epcboot.tlog\custombuild.write.1.tlog
c:\users\alukashov\documents\visual studio 2013\projects\epcboot\result\epcboot.dir\release\epcboot.tlog\epcboot.write.1u.tlog
c:\users\alukashov\documents\visual studio 2013\projects\epcboot\result\epcboot.dir\release\epcboot.tlog\link.command.1.tlog
c:\users\alukashov\documents\visual studio 2013\projects\epcboot\result\epcboot.dir\release\epcboot.tlog\link.read.1.tlog
c:\users\alukashov\documents\visual studio 2013\projects\epcboot\result\epcboot.dir\release\epcboot.tlog\link.write.1.tlog
